<?xml version="1.0" encoding="UTF-8"?>
<testng-results ignored="0" total="1" passed="1" failed="0" skipped="0">
  <reporter-output>
  </reporter-output>
  <suite started-at="2023-03-15T20:56:22 IST" name="Default suite" finished-at="2023-03-15T20:56:29 IST" duration-ms="6759">
    <groups>
    </groups>
    <test started-at="2023-03-15T20:56:22 IST" name="Default test" finished-at="2023-03-15T20:56:29 IST" duration-ms="6759">
      <class name="Simple_Scripts.youtubeLaunch">
        <test-method signature="test_youtube()[pri:0, instance:Simple_Scripts.youtubeLaunch@6cd28fa7]" started-at="2023-03-15T20:56:22 IST" name="test_youtube" finished-at="2023-03-15T20:56:29 IST" duration-ms="6686" status="PASS">
          <reporter-output>
          </reporter-output>
        </test-method> <!-- test_youtube -->
      </class> <!-- Simple_Scripts.youtubeLaunch -->
    </test> <!-- Default test -->
  </suite> <!-- Default suite -->
</testng-results>
